Flow report for networkHardware
Tue Mar 06 04:50:54 2018
Quartus Prime Version 17.1.0 Build 590 10/25/2017 SJ Standard Edition


---------------------
; Table of Contents ;
---------------------
  1. Legal Notice
  2. Flow Summary
  3. Flow Settings
  4. Flow Non-Default Global Settings
  5. Flow Elapsed Time
  6. Flow OS Summary
  7. Flow Log
  8. Flow Messages
  9. Flow Suppressed Messages



----------------
; Legal Notice ;
----------------
Copyright (C) 2017  Intel Corporation. All rights reserved.
Your use of Intel Corporation's design tools, logic functions 
and other software and tools, and its AMPP partner logic 
functions, and any output files from any of the foregoing 
(including device programming or simulation files), and any 
associated documentation or information are expressly subject 
to the terms and conditions of the Intel Program License 
Subscription Agreement, the Intel Quartus Prime License Agreement,
the Intel FPGA IP License Agreement, or other applicable license
agreement, including, without limitation, that your use is for
the sole purpose of programming logic devices manufactured by
Intel and sold by Intel or its authorized distributors.  Please
refer to the applicable agreement for further details.



+-----------------------------------------------------------------------------------+
; Flow Summary                                                                      ;
+---------------------------------+-------------------------------------------------+
; Flow Status                     ; Successful - Tue Mar 06 04:50:19 2018           ;
; Quartus Prime Version           ; 17.1.0 Build 590 10/25/2017 SJ Standard Edition ;
; Revision Name                   ; networkHardware                                 ;
; Top-level Entity Name           ; topLevel                                        ;
; Family                          ; Cyclone V                                       ;
; Device                          ; 5CSEMA5F31C6                                    ;
; Timing Models                   ; Final                                           ;
; Logic utilization (in ALMs)     ; 15,904 / 32,070 ( 50 % )                        ;
; Total registers                 ; 1719                                            ;
; Total pins                      ; 20 / 457 ( 4 % )                                ;
; Total virtual pins              ; 0                                               ;
; Total block memory bits         ; 684,032 / 4,065,280 ( 17 % )                    ;
; Total DSP Blocks                ; 0 / 87 ( 0 % )                                  ;
; Total HSSI RX PCSs              ; 0                                               ;
; Total HSSI PMA RX Deserializers ; 0                                               ;
; Total HSSI TX PCSs              ; 0                                               ;
; Total HSSI PMA TX Serializers   ; 0                                               ;
; Total PLLs                      ; 0 / 6 ( 0 % )                                   ;
; Total DLLs                      ; 0 / 4 ( 0 % )                                   ;
+---------------------------------+-------------------------------------------------+


+-----------------------------------------+
; Flow Settings                           ;
+-------------------+---------------------+
; Option            ; Setting             ;
+-------------------+---------------------+
; Start date & time ; 03/06/2018 04:43:50 ;
; Main task         ; Compilation         ;
; Revision Name     ; networkHardware     ;
+-------------------+---------------------+


+------------------------------------------------------------------------------------------------------------------------------------------------+
; Flow Non-Default Global Settings                                                                                                               ;
+-------------------------------------+-------------------------------------------------------------+-----------------+-------------+------------+
; Assignment Name                     ; Value                                                       ; Default Value   ; Entity Name ; Section Id ;
+-------------------------------------+-------------------------------------------------------------+-----------------+-------------+------------+
; COMPILER_SIGNATURE_ID               ; 273440549242266.152034022908124                             ; --              ; --          ; --         ;
; MAX_CORE_JUNCTION_TEMP              ; 85                                                          ; --              ; --          ; --         ;
; MIN_CORE_JUNCTION_TEMP              ; 0                                                           ; --              ; --          ; --         ;
; MISC_FILE                           ; processor/synthesis/../processor.cmp                        ; --              ; --          ; --         ;
; MISC_FILE                           ; processor/synthesis/../../processor.qsys                    ; --              ; --          ; --         ;
; PARTITION_COLOR                     ; -- (Not supported for targeted family)                      ; --              ; topLevel    ; Top        ;
; PARTITION_FITTER_PRESERVATION_LEVEL ; -- (Not supported for targeted family)                      ; --              ; topLevel    ; Top        ;
; PARTITION_NETLIST_TYPE              ; -- (Not supported for targeted family)                      ; --              ; topLevel    ; Top        ;
; POWER_BOARD_THERMAL_MODEL           ; None (CONSERVATIVE)                                         ; --              ; --          ; --         ;
; POWER_PRESET_COOLING_SOLUTION       ; 23 MM HEAT SINK WITH 200 LFPM AIRFLOW                       ; --              ; --          ; --         ;
; PROJECT_OUTPUT_DIRECTORY            ; output_files                                                ; --              ; --          ; --         ;
; SLD_FILE                            ; processor/synthesis/processor.regmap                        ; --              ; --          ; --         ;
; SLD_FILE                            ; processor/synthesis/processor.debuginfo                     ; --              ; --          ; --         ;
; SLD_INFO                            ; QSYS_NAME processor HAS_SOPCINFO 1 GENERATION_ID 1520330000 ; --              ; processor   ; --         ;
; SOPCINFO_FILE                       ; processor/synthesis/../../processor.sopcinfo                ; --              ; --          ; --         ;
; SYNTHESIS_ONLY_QIP                  ; On                                                          ; --              ; --          ; --         ;
; TOP_LEVEL_ENTITY                    ; topLevel                                                    ; networkHardware ; --          ; --         ;
+-------------------------------------+-------------------------------------------------------------+-----------------+-------------+------------+


+-------------------------------------------------------------------------------------------------------------------------------+
; Flow Elapsed Time                                                                                                             ;
+---------------------------+--------------+-------------------------+---------------------+------------------------------------+
; Module Name               ; Elapsed Time ; Average Processors Used ; Peak Virtual Memory ; Total CPU Time (on all processors) ;
+---------------------------+--------------+-------------------------+---------------------+------------------------------------+
; Analysis & Synthesis      ; 00:01:03     ; 1.0                     ; 987 MB              ; 00:01:30                           ;
; Fitter                    ; 00:04:50     ; 1.2                     ; 2902 MB             ; 00:12:24                           ;
; Assembler                 ; 00:00:22     ; 1.0                     ; 952 MB              ; 00:00:20                           ;
; TimeQuest Timing Analyzer ; 00:00:34     ; 2.8                     ; 1398 MB             ; 00:01:24                           ;
; Total                     ; 00:06:49     ; --                      ; --                  ; 00:15:38                           ;
+---------------------------+--------------+-------------------------+---------------------+------------------------------------+


+-----------------------------------------------------------------------------------------+
; Flow OS Summary                                                                         ;
+---------------------------+------------------+------------+------------+----------------+
; Module Name               ; Machine Hostname ; OS Name    ; OS Version ; Processor type ;
+---------------------------+------------------+------------+------------+----------------+
; Analysis & Synthesis      ; EE-137PC16       ; Windows 10 ; 10.0       ; x86_64         ;
; Fitter                    ; EE-137PC16       ; Windows 10 ; 10.0       ; x86_64         ;
; Assembler                 ; EE-137PC16       ; Windows 10 ; 10.0       ; x86_64         ;
; TimeQuest Timing Analyzer ; EE-137PC16       ; Windows 10 ; 10.0       ; x86_64         ;
+---------------------------+------------------+------------+------------+----------------+


------------
; Flow Log ;
------------
quartus_map --read_settings_files=on --write_settings_files=off networkHardware -c networkHardware
quartus_fit --read_settings_files=off --write_settings_files=off networkHardware -c networkHardware
quartus_asm --read_settings_files=off --write_settings_files=off networkHardware -c networkHardware
quartus_sta networkHardware -c networkHardware



